<?xml version="1.0" encoding="UTF-8"?>
<coverage generated="1785343567971" clover="3.2.0">
  <project timestamp="1785343567971" name="All files">
    <metrics statements="3" coveredstatements="3" conditionals="6" coveredconditionals="6" methods="3" coveredmethods="3" elements="12" coveredelements="12" complexity="0" loc="3" ncloc="3" packages="1" files="1" classes="1"/>
    <file name="validation.js" path="/Users/charlotte/Desktop/Studium/4_Semester/Kurse/Web_Architectures/travel-tracker-main/frontend/lib/validation.js">
      <metrics statements="3" coveredstatements="3" conditionals="6" coveredconditionals="6" methods="3" coveredmethods="3"/>
      <line num="2" count="3" type="cond" truecount="2" falsecount="0"/>
      <line num="6" count="4" type="cond" truecount="2" falsecount="0"/>
      <line num="10" count="3" type="cond" truecount="2" falsecount="0"/>
    </file>
  </project>
</coverage>
