{"/Users/charlotte/Desktop/Studium/4_Semester/Kurse/Web_Architectures/travel-tracker-main/frontend/lib/validation.js": {"path":"/Users/charlotte/Desktop/Studium/4_Semester/Kurse/Web_Architectures/travel-tracker-main/frontend/lib/validation.js","statementMap":{"0":{"start":{"line":2,"column":2},"end":{"line":2,"column":null}},"1":{"start":{"line":6,"column":2},"end":{"line":6,"column":null}},"2":{"start":{"line":10,"column":2},"end":{"line":10,"column":null}}},"fnMap":{"0":{"name":"normalizeEmail","decl":{"start":{"line":1,"column":16},"end":{"line":1,"column":30}},"loc":{"start":{"line":1,"column":38},"end":{"line":3,"column":null}},"line":1},"1":{"name":"isValidEmail","decl":{"start":{"line":5,"column":16},"end":{"line":5,"column":28}},"loc":{"start":{"line":5,"column":36},"end":{"line":7,"column":null}},"line":5},"2":{"name":"isValidPassword","decl":{"start":{"line":9,"column":16},"end":{"line":9,"column":31}},"loc":{"start":{"line":9,"column":42},"end":{"line":11,"column":null}},"line":9}},"branchMap":{"0":{"loc":{"start":{"line":2,"column":9},"end":{"line":2,"column":68}},"type":"cond-expr","locations":[{"start":{"line":2,"column":37},"end":{"line":2,"column":63}},{"start":{"line":2,"column":66},"end":{"line":2,"column":68}}],"line":2},"1":{"loc":{"start":{"line":6,"column":9},"end":{"line":6,"column":73}},"type":"binary-expr","locations":[{"start":{"line":6,"column":9},"end":{"line":6,"column":34}},{"start":{"line":6,"column":38},"end":{"line":6,"column":73}}],"line":6},"2":{"loc":{"start":{"line":10,"column":9},"end":{"line":10,"column":61}},"type":"binary-expr","locations":[{"start":{"line":10,"column":9},"end":{"line":10,"column":37}},{"start":{"line":10,"column":41},"end":{"line":10,"column":61}}],"line":10}},"s":{"0":3,"1":4,"2":3},"f":{"0":3,"1":4,"2":3},"b":{"0":[1,2],"1":[4,4],"2":[3,2]},"meta":{"lastBranch":3,"lastFunction":3,"lastStatement":3,"seen":{"f:1:16:1:30":0,"s:2:2:2:Infinity":0,"b:2:37:2:63:2:66:2:68":0,"f:5:16:5:28":1,"s:6:2:6:Infinity":1,"b:6:9:6:34:6:38:6:73":1,"f:9:16:9:31":2,"s:10:2:10:Infinity":2,"b:10:9:10:37:10:41:10:61":2},"fnNames":{}}}
}
