TN:
SF:lib/validation.js
FN:1,normalizeEmail
FN:5,isValidEmail
FN:9,isValidPassword
FNF:3
FNH:3
FNDA:11,normalizeEmail
FNDA:10,isValidEmail
FNDA:3,isValidPassword
DA:2,11
DA:6,10
DA:10,3
DA:13,4
LF:4
LH:4
BRDA:2,0,0,11
BRDA:2,0,1,0
BRDA:6,1,0,10
BRDA:6,1,1,10
BRDA:10,2,0,3
BRDA:10,2,1,1
BRF:6
BRH:5
end_of_record
TN:
SF:middleware/authenticate.js
FN:7,getJwtSecret
FN:15,getAuthenticatedUserFromToken
FN:48,authenticate
FNF:3
FNH:3
FNDA:5,getJwtSecret
FNDA:5,getAuthenticatedUserFromToken
FNDA:3,authenticate
DA:1,1
DA:2,1
DA:4,1
DA:5,1
DA:8,5
DA:9,0
DA:12,5
DA:16,5
DA:18,5
DA:25,0
DA:28,4
DA:37,4
DA:38,1
DA:41,3
DA:49,3
DA:51,3
DA:52,1
DA:55,2
DA:56,2
DA:58,1
DA:59,0
DA:62,1
DA:64,1
DA:66,1
DA:70,1
DA:71,1
DA:72,1
LF:27
LH:24
BRDA:8,0,0,0
BRDA:8,0,1,5
BRDA:18,1,0,0
BRDA:18,1,1,5
BRDA:19,2,0,5
BRDA:19,2,1,4
BRDA:19,2,2,4
BRDA:19,2,3,4
BRDA:19,2,4,4
BRDA:37,3,0,1
BRDA:37,3,1,3
BRDA:37,4,0,4
BRDA:37,4,1,4
BRDA:51,5,0,1
BRDA:51,5,1,2
BRDA:58,6,0,0
BRDA:58,6,1,1
BRF:17
BRH:14
end_of_record
TN:
SF:modules/auth/auth.service.js
FN:13,getJwtSecret
FN:21,getAuthCookieOptions
FN:32,setAuthCookie
FN:39,createAuthToken
FN:51,serializeUser
FN:60,validateRegisterData
FN:68,createConflictError
FN:74,getDummyPasswordHash
FN:78,registerUser
FN:105,loginUser
FN:134,getUserNotificationRecipient
FN:144,getUserProfile
FN:156,updateUserProfile
FN:262,findUserByEmail
FNF:14
FNH:11
FNDA:2,getJwtSecret
FNDA:0,getAuthCookieOptions
FNDA:0,setAuthCookie
FNDA:2,createAuthToken
FNDA:2,serializeUser
FNDA:3,validateRegisterData
FNDA:2,createConflictError
FNDA:1,getDummyPasswordHash
FNDA:3,registerUser
FNDA:3,loginUser
FNDA:1,getUserNotificationRecipient
FNDA:1,getUserProfile
FNDA:0,updateUserProfile
FNDA:1,findUserByEmail
DA:1,1
DA:2,1
DA:3,1
DA:4,1
DA:5,1
DA:7,0
DA:8,1
DA:9,0
DA:14,2
DA:15,0
DA:18,2
DA:22,0
DA:24,0
DA:33,0
DA:40,2
DA:52,2
DA:61,3
DA:62,1
DA:63,0
DA:64,0
DA:69,0
DA:70,0
DA:71,2
DA:75,1
DA:79,3
DA:81,3
DA:82,3
DA:86,2
DA:87,1
DA:90,1
DA:91,1
DA:106,3
DA:107,0
DA:108,0
DA:109,0
DA:112,3
DA:113,3
DA:117,3
DA:118,1
DA:120,3
DA:121,2
DA:122,2
DA:123,2
DA:126,1
DA:128,1
DA:135,1
DA:145,1
DA:157,6
DA:158,6
DA:159,6
DA:160,6
DA:171,6
DA:172,0
DA:173,0
DA:174,0
DA:177,6
DA:178,6
DA:180,6
DA:181,5
DA:182,2
DA:183,2
DA:184,2
DA:187,3
DA:191,5
DA:192,0
DA:193,0
DA:194,0
DA:198,4
DA:199,2
DA:200,0
DA:201,0
DA:202,0
DA:205,2
DA:206,2
DA:214,2
DA:215,1
DA:218,1
DA:222,3
DA:223,1
DA:224,0
DA:225,0
DA:226,0
DA:229,1
DA:232,3
DA:233,2
DA:236,3
DA:237,1
DA:249,2
DA:263,1
DA:265,1
DA:266,1
DA:269,0
DA:279,4
LF:93
LH:67
BRDA:9,0,0,0
BRDA:9,0,1,0
BRDA:14,1,0,0
BRDA:14,1,1,2
BRDA:56,2,0,2
BRDA:56,2,1,0
BRDA:61,3,0,1
BRDA:61,3,1,2
BRDA:61,4,0,3
BRDA:61,4,1,2
BRDA:86,5,0,1
BRDA:86,5,1,1
BRDA:94,6,0,1
BRDA:94,6,1,0
BRDA:94,7,0,1
BRDA:94,7,1,1
BRDA:106,8,0,0
BRDA:106,8,1,3
BRDA:106,9,0,3
BRDA:106,9,1,3
BRDA:117,10,0,3
BRDA:117,10,1,1
BRDA:120,11,0,2
BRDA:120,11,1,1
BRDA:120,12,0,3
BRDA:120,12,1,2
BRDA:120,12,2,2
BRDA:158,13,0,4
BRDA:158,13,1,2
BRDA:159,14,0,6
BRDA:159,14,1,1
BRDA:171,15,0,0
BRDA:171,15,1,6
BRDA:177,16,0,6
BRDA:177,16,1,4
BRDA:178,17,0,6
BRDA:178,17,1,2
BRDA:180,18,0,5
BRDA:180,18,1,1
BRDA:181,19,0,2
BRDA:181,19,1,3
BRDA:181,20,0,5
BRDA:181,20,1,3
BRDA:187,21,0,3
BRDA:187,21,1,0
BRDA:191,22,0,0
BRDA:191,22,1,5
BRDA:198,23,0,2
BRDA:198,23,1,2
BRDA:199,24,0,0
BRDA:199,24,1,2
BRDA:205,25,0,2
BRDA:205,25,1,0
BRDA:214,26,0,1
BRDA:214,26,1,1
BRDA:222,27,0,1
BRDA:222,27,1,2
BRDA:223,28,0,0
BRDA:223,28,1,1
BRDA:232,29,0,2
BRDA:232,29,1,1
BRDA:236,30,0,1
BRDA:236,30,1,2
BRDA:265,31,0,1
BRDA:265,31,1,0
BRF:65
BRH:52
end_of_record
TN:
SF:modules/places/places.service.js
FN:27,createPublicShareToken
FN:31,hashPublicShareToken
FN:35,validatePublicShareToken
FN:43,buildPublicShareUrl
FN:48,serializePublicShare
FN:60,validatePlaceData
FN:73,normalizeTripName
FN:99,normalizeStatus
FN:113,parseMoodTags
FN:136,normalizeMoodTags
FN:152,(anonymous_10)
FN:164,buildPlacePayload
FN:180,getPlacesForUser
FN:226,(anonymous_13)
FN:229,decoratePlaceForUser
FN:232,(anonymous_15)
FN:239,(anonymous_16)
FN:261,decoratePublicPlace
FN:280,createPlace
FN:289,(anonymous_19)
FN:305,updatePlace
FN:330,deletePlace
FN:341,sharePlace
FN:388,unsharePlace
FN:406,createPublicShareLink
FN:447,disablePublicShareLink
FN:476,getPublicSharedPlace
FN:503,getPlaceForOwner
FNF:28
FNH:27
FNDA:1,createPublicShareToken
FNDA:3,hashPublicShareToken
FNDA:3,validatePublicShareToken
FNDA:1,buildPublicShareUrl
FNDA:14,serializePublicShare
FNDA:14,validatePlaceData
FNDA:12,normalizeTripName
FNDA:11,normalizeStatus
FNDA:10,parseMoodTags
FNDA:10,normalizeMoodTags
FNDA:3,(anonymous_10)
FNDA:12,buildPlacePayload
FNDA:4,getPlacesForUser
FNDA:3,(anonymous_13)
FNDA:14,decoratePlaceForUser
FNDA:1,(anonymous_15)
FNDA:1,(anonymous_16)
FNDA:1,decoratePublicPlace
FNDA:12,createPlace
FNDA:0,(anonymous_19)
FNDA:2,updatePlace
FNDA:2,deletePlace
FNDA:5,sharePlace
FNDA:2,unsharePlace
FNDA:2,createPublicShareLink
FNDA:2,disablePublicShareLink
FNDA:3,getPublicSharedPlace
FNDA:11,getPlaceForOwner
DA:1,1
DA:2,1
DA:3,1
DA:4,1
DA:5,1
DA:7,1
DA:8,1
DA:9,1
DA:10,1
DA:21,1
DA:22,1
DA:28,1
DA:32,3
DA:36,3
DA:37,1
DA:38,1
DA:39,1
DA:44,1
DA:45,1
DA:49,14
DA:50,12
DA:53,2
DA:61,14
DA:67,1
DA:68,1
DA:69,1
DA:74,12
DA:75,10
DA:78,2
DA:79,0
DA:80,0
DA:81,0
DA:84,2
DA:86,2
DA:87,0
DA:90,2
DA:91,1
DA:92,1
DA:93,1
DA:96,1
DA:100,11
DA:101,9
DA:104,2
DA:105,1
DA:106,1
DA:107,1
DA:110,1
DA:114,10
DA:115,7
DA:118,3
DA:119,2
DA:122,1
DA:123,0
DA:124,0
DA:125,0
DA:128,1
DA:129,1
DA:130,1
DA:132,0
DA:137,10
DA:139,10
DA:140,1
DA:141,1
DA:142,1
DA:145,9
DA:147,9
DA:148,7
DA:151,2
DA:152,3
DA:155,2
DA:156,1
DA:157,1
DA:158,1
DA:161,1
DA:165,12
DA:167,12
DA:181,4
DA:226,4
DA:230,14
DA:231,14
DA:232,1
DA:239,14
DA:241,14
DA:262,1
DA:281,12
DA:283,12
DA:287,7
DA:289,7
DA:290,0
DA:293,7
DA:294,7
DA:302,7
DA:306,2
DA:308,2
DA:318,2
DA:319,1
DA:322,1
DA:327,1
DA:331,2
DA:338,2
DA:342,5
DA:352,5
DA:353,1
DA:356,4
DA:358,4
DA:359,1
DA:362,3
DA:363,1
DA:364,1
DA:365,1
DA:368,2
DA:385,2
DA:389,2
DA:399,2
DA:400,1
DA:403,1
DA:407,2
DA:417,2
DA:418,1
DA:421,1
DA:422,1
DA:424,1
DA:439,1
DA:441,1
DA:448,2
DA:460,2
DA:461,1
DA:464,1
DA:473,1
DA:477,3
DA:479,3
DA:496,2
DA:497,1
DA:500,1
DA:504,11
DA:540,11
DA:543,1
LF:137
LH:128
BRDA:36,0,0,1
BRDA:36,0,1,2
BRDA:36,1,0,3
BRDA:36,1,1,3
BRDA:44,2,0,1
BRDA:44,2,1,0
BRDA:48,3,0,14
BRDA:49,4,0,12
BRDA:49,4,1,2
BRDA:49,5,0,14
BRDA:49,5,1,3
BRDA:56,6,0,1
BRDA:56,6,1,1
BRDA:61,7,0,1
BRDA:61,7,1,13
BRDA:62,8,0,14
BRDA:62,8,1,13
BRDA:62,8,2,13
BRDA:62,8,3,13
BRDA:74,9,0,10
BRDA:74,9,1,2
BRDA:74,10,0,12
BRDA:74,10,1,3
BRDA:78,11,0,0
BRDA:78,11,1,2
BRDA:86,12,0,0
BRDA:86,12,1,2
BRDA:90,13,0,1
BRDA:90,13,1,1
BRDA:100,14,0,9
BRDA:100,14,1,2
BRDA:100,15,0,11
BRDA:100,15,1,3
BRDA:104,16,0,1
BRDA:104,16,1,1
BRDA:104,17,0,2
BRDA:104,17,1,2
BRDA:114,18,0,7
BRDA:114,18,1,3
BRDA:114,19,0,10
BRDA:114,19,1,4
BRDA:118,20,0,2
BRDA:118,20,1,1
BRDA:122,21,0,0
BRDA:122,21,1,1
BRDA:130,22,0,0
BRDA:130,22,1,1
BRDA:139,23,0,1
BRDA:139,23,1,9
BRDA:147,24,0,7
BRDA:147,24,1,2
BRDA:152,25,0,3
BRDA:152,25,1,3
BRDA:155,26,0,1
BRDA:155,26,1,1
BRDA:165,27,0,12
BRDA:165,27,1,0
BRDA:169,28,0,12
BRDA:169,28,1,1
BRDA:170,29,0,12
BRDA:170,29,1,0
BRDA:231,30,0,14
BRDA:231,30,1,0
BRDA:253,31,0,13
BRDA:253,31,1,1
BRDA:254,32,0,13
BRDA:254,32,1,1
BRDA:256,33,0,1
BRDA:256,33,1,13
BRDA:256,34,0,1
BRDA:256,34,1,0
BRDA:271,35,0,1
BRDA:271,35,1,0
BRDA:293,36,0,7
BRDA:293,36,1,0
BRDA:298,37,0,7
BRDA:298,37,1,0
BRDA:318,38,0,1
BRDA:318,38,1,1
BRDA:352,39,0,1
BRDA:352,39,1,4
BRDA:358,40,0,1
BRDA:358,40,1,3
BRDA:362,41,0,1
BRDA:362,41,1,2
BRDA:399,42,0,1
BRDA:399,42,1,1
BRDA:417,43,0,1
BRDA:417,43,1,1
BRDA:460,44,0,1
BRDA:460,44,1,1
BRDA:496,45,0,1
BRDA:496,45,1,1
BRDA:496,46,0,2
BRDA:496,46,1,2
BRDA:496,46,2,1
BRDA:540,47,0,11
BRDA:540,47,1,0
BRF:98
BRH:85
end_of_record
