TN:
SF:lib/validation.js
FN:1,normalizeEmail
FN:5,isValidEmail
FN:9,isValidPassword
FNF:3
FNH:3
FNDA:11,normalizeEmail
FNDA:10,isValidEmail
FNDA:3,isValidPassword
DA:2,11
DA:6,10
DA:10,3
DA:13,4
LF:4
LH:4
BRDA:2,0,0,11
BRDA:2,0,1,0
BRDA:6,1,0,10
BRDA:6,1,1,10
BRDA:10,2,0,3
BRDA:10,2,1,1
BRF:6
BRH:5
end_of_record
TN:
SF:middleware/authenticate.js
FN:7,getJwtSecret
FN:23,getAuthenticatedUserFromToken
FN:56,authenticate
FNF:3
FNH:3
FNDA:5,getJwtSecret
FNDA:5,getAuthenticatedUserFromToken
FNDA:3,authenticate
DA:1,1
DA:2,1
DA:4,1
DA:5,1
DA:8,5
DA:10,5
DA:11,0
DA:14,5
DA:15,0
DA:16,0
DA:20,5
DA:24,5
DA:26,5
DA:33,0
DA:36,4
DA:45,4
DA:46,1
DA:49,3
DA:57,3
DA:59,3
DA:60,1
DA:63,2
DA:64,2
DA:66,1
DA:67,0
DA:70,1
DA:72,1
DA:74,1
DA:78,1
DA:79,1
DA:80,1
LF:31
LH:26
BRDA:10,0,0,0
BRDA:10,0,1,5
BRDA:14,1,0,0
BRDA:14,1,1,5
BRDA:15,2,0,0
BRDA:15,2,1,0
BRDA:15,3,0,0
BRDA:15,3,1,0
BRDA:26,4,0,0
BRDA:26,4,1,5
BRDA:27,5,0,5
BRDA:27,5,1,4
BRDA:27,5,2,4
BRDA:27,5,3,4
BRDA:27,5,4,4
BRDA:45,6,0,1
BRDA:45,6,1,3
BRDA:45,7,0,4
BRDA:45,7,1,4
BRDA:59,8,0,1
BRDA:59,8,1,2
BRDA:66,9,0,0
BRDA:66,9,1,1
BRF:23
BRH:15
end_of_record
TN:
SF:modules/auth/auth.service.js
FN:13,getJwtSecret
FN:29,getAuthCookieOptions
FN:40,setAuthCookie
FN:47,createAuthToken
FN:59,serializeUser
FN:68,validateRegisterData
FN:76,createConflictError
FN:82,getDummyPasswordHash
FN:86,registerUser
FN:113,loginUser
FN:142,getUserNotificationRecipient
FN:152,getUserProfile
FN:164,updateUserProfile
FN:283,findUserByEmail
FNF:14
FNH:11
FNDA:5,getJwtSecret
FNDA:0,getAuthCookieOptions
FNDA:0,setAuthCookie
FNDA:5,createAuthToken
FNDA:2,serializeUser
FNDA:3,validateRegisterData
FNDA:2,createConflictError
FNDA:1,getDummyPasswordHash
FNDA:3,registerUser
FNDA:3,loginUser
FNDA:1,getUserNotificationRecipient
FNDA:1,getUserProfile
FNDA:0,updateUserProfile
FNDA:1,findUserByEmail
DA:1,1
DA:2,1
DA:3,1
DA:4,1
DA:5,1
DA:7,0
DA:8,1
DA:9,0
DA:14,5
DA:16,5
DA:17,0
DA:20,5
DA:21,3
DA:22,2
DA:26,3
DA:30,0
DA:32,0
DA:41,0
DA:48,5
DA:60,2
DA:69,3
DA:70,1
DA:71,0
DA:72,0
DA:77,0
DA:78,0
DA:79,2
DA:83,1
DA:87,3
DA:89,3
DA:90,3
DA:94,2
DA:95,1
DA:98,1
DA:99,1
DA:114,3
DA:115,0
DA:116,0
DA:117,0
DA:120,3
DA:121,3
DA:125,3
DA:126,1
DA:128,3
DA:129,2
DA:130,2
DA:131,2
DA:134,1
DA:136,1
DA:143,1
DA:153,1
DA:165,8
DA:166,8
DA:167,8
DA:168,8
DA:169,8
DA:180,8
DA:181,0
DA:182,0
DA:183,0
DA:186,8
DA:187,8
DA:189,8
DA:190,2
DA:191,1
DA:192,1
DA:193,1
DA:196,1
DA:197,1
DA:201,7
DA:202,5
DA:203,2
DA:204,2
DA:205,2
DA:208,3
DA:212,5
DA:213,0
DA:214,0
DA:215,0
DA:219,5
DA:220,2
DA:221,0
DA:222,0
DA:223,0
DA:226,2
DA:227,2
DA:235,2
DA:236,1
DA:239,1
DA:243,4
DA:244,1
DA:245,0
DA:246,0
DA:247,0
DA:250,1
DA:253,4
DA:254,2
DA:257,4
DA:258,1
DA:270,3
DA:284,1
DA:286,1
DA:287,1
DA:290,0
DA:300,4
LF:105
LH:79
BRDA:9,0,0,0
BRDA:9,0,1,0
BRDA:16,1,0,0
BRDA:16,1,1,5
BRDA:20,2,0,3
BRDA:20,2,1,2
BRDA:21,3,0,2
BRDA:21,3,1,1
BRDA:21,4,0,3
BRDA:21,4,1,2
BRDA:64,5,0,2
BRDA:64,5,1,0
BRDA:69,6,0,1
BRDA:69,6,1,2
BRDA:69,7,0,3
BRDA:69,7,1,2
BRDA:94,8,0,1
BRDA:94,8,1,1
BRDA:102,9,0,1
BRDA:102,9,1,0
BRDA:102,10,0,1
BRDA:102,10,1,1
BRDA:114,11,0,0
BRDA:114,11,1,3
BRDA:114,12,0,3
BRDA:114,12,1,3
BRDA:125,13,0,3
BRDA:125,13,1,1
BRDA:128,14,0,2
BRDA:128,14,1,1
BRDA:128,15,0,3
BRDA:128,15,1,2
BRDA:128,15,2,2
BRDA:166,16,0,4
BRDA:166,16,1,4
BRDA:167,17,0,2
BRDA:167,17,1,6
BRDA:168,18,0,8
BRDA:168,18,1,1
BRDA:180,19,0,0
BRDA:180,19,1,8
BRDA:186,20,0,8
BRDA:186,20,1,4
BRDA:187,21,0,8
BRDA:187,21,1,4
BRDA:189,22,0,2
BRDA:189,22,1,6
BRDA:190,23,0,1
BRDA:190,23,1,1
BRDA:196,24,0,1
BRDA:196,24,1,0
BRDA:201,25,0,5
BRDA:201,25,1,2
BRDA:202,26,0,2
BRDA:202,26,1,3
BRDA:202,27,0,5
BRDA:202,27,1,3
BRDA:208,28,0,3
BRDA:208,28,1,0
BRDA:212,29,0,0
BRDA:212,29,1,5
BRDA:219,30,0,2
BRDA:219,30,1,3
BRDA:220,31,0,0
BRDA:220,31,1,2
BRDA:226,32,0,2
BRDA:226,32,1,0
BRDA:235,33,0,1
BRDA:235,33,1,1
BRDA:243,34,0,1
BRDA:243,34,1,3
BRDA:244,35,0,0
BRDA:244,35,1,1
BRDA:253,36,0,2
BRDA:253,36,1,2
BRDA:257,37,0,1
BRDA:257,37,1,3
BRDA:286,38,0,1
BRDA:286,38,1,0
BRF:79
BRH:65
end_of_record
TN:
SF:modules/places/places.service.js
FN:37,createValidationError
FN:43,createPublicShareToken
FN:47,hashPublicShareToken
FN:51,validatePublicShareToken
FN:57,buildPublicShareUrl
FN:62,serializePublicShare
FN:74,normalizeRequiredText
FN:92,normalizeOptionalText
FN:114,normalizeCategory
FN:136,normalizeCoordinate
FN:148,validatePlaceData
FN:159,normalizeTripName
FN:181,normalizeStatus
FN:193,parseMoodTags
FN:214,normalizeMoodTags
FN:228,(anonymous_15)
FN:238,buildPlacePayload
FN:252,getPlacesForUser
FN:298,(anonymous_18)
FN:301,decoratePlaceForUser
FN:304,(anonymous_20)
FN:311,(anonymous_21)
FN:333,decoratePublicPlace
FN:352,createPlace
FN:361,(anonymous_24)
FN:377,updatePlace
FN:402,deletePlace
FN:413,sharePlace
FN:460,unsharePlace
FN:478,createPublicShareLink
FN:519,disablePublicShareLink
FN:548,getPublicSharedPlace
FN:575,getPlaceForOwner
FNF:33
FNH:32
FNDA:12,createValidationError
FNDA:1,createPublicShareToken
FNDA:3,hashPublicShareToken
FNDA:3,validatePublicShareToken
FNDA:1,buildPublicShareUrl
FNDA:16,serializePublicShare
FNDA:22,normalizeRequiredText
FNDA:20,normalizeOptionalText
FNDA:19,normalizeCategory
FNDA:34,normalizeCoordinate
FNDA:22,validatePlaceData
FNDA:14,normalizeTripName
FNDA:13,normalizeStatus
FNDA:12,parseMoodTags
FNDA:12,normalizeMoodTags
FNDA:3,(anonymous_15)
FNDA:14,buildPlacePayload
FNDA:4,getPlacesForUser
FNDA:3,(anonymous_18)
FNDA:16,decoratePlaceForUser
FNDA:1,(anonymous_20)
FNDA:1,(anonymous_21)
FNDA:1,decoratePublicPlace
FNDA:20,createPlace
FNDA:0,(anonymous_24)
FNDA:2,updatePlace
FNDA:2,deletePlace
FNDA:5,sharePlace
FNDA:2,unsharePlace
FNDA:2,createPublicShareLink
FNDA:2,disablePublicShareLink
FNDA:3,getPublicSharedPlace
FNDA:13,getPlaceForOwner
DA:1,1
DA:2,1
DA:3,1
DA:4,1
DA:5,1
DA:7,1
DA:8,1
DA:9,1
DA:10,1
DA:11,1
DA:19,1
DA:20,1
DA:31,1
DA:32,1
DA:38,12
DA:39,12
DA:40,12
DA:44,1
DA:48,3
DA:52,3
DA:53,1
DA:58,1
DA:59,1
DA:63,16
DA:64,14
DA:67,2
DA:75,22
DA:76,0
DA:79,22
DA:81,22
DA:82,1
DA:85,21
DA:86,1
DA:89,20
DA:93,20
DA:94,6
DA:97,14
DA:98,0
DA:101,14
DA:103,14
DA:104,0
DA:107,14
DA:108,1
DA:111,13
DA:115,19
DA:116,4
DA:119,15
DA:120,0
DA:123,15
DA:125,15
DA:126,0
DA:129,15
DA:130,1
DA:133,14
DA:137,34
DA:138,1
DA:141,33
DA:142,2
DA:145,31
DA:149,22
DA:160,14
DA:161,12
DA:164,2
DA:165,0
DA:168,2
DA:170,2
DA:171,0
DA:174,2
DA:175,1
DA:178,1
DA:182,13
DA:183,11
DA:186,2
DA:187,1
DA:190,1
DA:194,12
DA:195,9
DA:198,3
DA:199,2
DA:202,1
DA:203,0
DA:206,1
DA:207,1
DA:208,1
DA:210,0
DA:215,12
DA:217,12
DA:218,1
DA:221,11
DA:223,11
DA:224,9
DA:227,2
DA:228,3
DA:231,2
DA:232,1
DA:235,1
DA:239,14
DA:253,4
DA:298,4
DA:302,16
DA:303,16
DA:304,1
DA:311,16
DA:313,16
DA:334,1
DA:353,20
DA:355,20
DA:359,9
DA:361,9
DA:362,0
DA:365,9
DA:366,9
DA:374,9
DA:378,2
DA:380,2
DA:390,2
DA:391,1
DA:394,1
DA:399,1
DA:403,2
DA:410,2
DA:414,5
DA:424,5
DA:425,1
DA:428,4
DA:430,4
DA:431,1
DA:434,3
DA:435,1
DA:436,1
DA:437,1
DA:440,2
DA:457,2
DA:461,2
DA:471,2
DA:472,1
DA:475,1
DA:479,2
DA:489,2
DA:490,1
DA:493,1
DA:494,1
DA:496,1
DA:511,1
DA:513,1
DA:520,2
DA:532,2
DA:533,1
DA:536,1
DA:545,1
DA:549,3
DA:551,3
DA:568,2
DA:569,1
DA:572,1
DA:576,13
DA:612,13
DA:615,1
LF:158
LH:148
BRDA:52,0,0,1
BRDA:52,0,1,2
BRDA:52,1,0,3
BRDA:52,1,1,3
BRDA:58,2,0,1
BRDA:58,2,1,0
BRDA:62,3,0,16
BRDA:63,4,0,14
BRDA:63,4,1,2
BRDA:63,5,0,16
BRDA:63,5,1,3
BRDA:70,6,0,1
BRDA:70,6,1,1
BRDA:75,7,0,0
BRDA:75,7,1,22
BRDA:81,8,0,1
BRDA:81,8,1,21
BRDA:85,9,0,1
BRDA:85,9,1,20
BRDA:93,10,0,6
BRDA:93,10,1,14
BRDA:93,11,0,20
BRDA:93,11,1,15
BRDA:97,12,0,0
BRDA:97,12,1,14
BRDA:103,13,0,0
BRDA:103,13,1,14
BRDA:107,14,0,1
BRDA:107,14,1,13
BRDA:115,15,0,4
BRDA:115,15,1,15
BRDA:115,16,0,19
BRDA:115,16,1,15
BRDA:119,17,0,0
BRDA:119,17,1,15
BRDA:125,18,0,0
BRDA:125,18,1,15
BRDA:129,19,0,1
BRDA:129,19,1,14
BRDA:137,20,0,1
BRDA:137,20,1,33
BRDA:137,21,0,34
BRDA:137,21,1,34
BRDA:141,22,0,2
BRDA:141,22,1,31
BRDA:141,23,0,33
BRDA:141,23,1,32
BRDA:160,24,0,12
BRDA:160,24,1,2
BRDA:160,25,0,14
BRDA:160,25,1,3
BRDA:164,26,0,0
BRDA:164,26,1,2
BRDA:170,27,0,0
BRDA:170,27,1,2
BRDA:174,28,0,1
BRDA:174,28,1,1
BRDA:182,29,0,11
BRDA:182,29,1,2
BRDA:182,30,0,13
BRDA:182,30,1,3
BRDA:186,31,0,1
BRDA:186,31,1,1
BRDA:186,32,0,2
BRDA:186,32,1,2
BRDA:194,33,0,9
BRDA:194,33,1,3
BRDA:194,34,0,12
BRDA:194,34,1,4
BRDA:198,35,0,2
BRDA:198,35,1,1
BRDA:202,36,0,0
BRDA:202,36,1,1
BRDA:208,37,0,0
BRDA:208,37,1,1
BRDA:217,38,0,1
BRDA:217,38,1,11
BRDA:223,39,0,9
BRDA:223,39,1,2
BRDA:228,40,0,3
BRDA:228,40,1,3
BRDA:231,41,0,1
BRDA:231,41,1,1
BRDA:303,42,0,16
BRDA:303,42,1,0
BRDA:325,43,0,15
BRDA:325,43,1,1
BRDA:326,44,0,15
BRDA:326,44,1,1
BRDA:328,45,0,1
BRDA:328,45,1,15
BRDA:328,46,0,1
BRDA:328,46,1,0
BRDA:343,47,0,1
BRDA:343,47,1,0
BRDA:365,48,0,9
BRDA:365,48,1,0
BRDA:370,49,0,9
BRDA:370,49,1,0
BRDA:390,50,0,1
BRDA:390,50,1,1
BRDA:424,51,0,1
BRDA:424,51,1,4
BRDA:430,52,0,1
BRDA:430,52,1,3
BRDA:434,53,0,1
BRDA:434,53,1,2
BRDA:471,54,0,1
BRDA:471,54,1,1
BRDA:489,55,0,1
BRDA:489,55,1,1
BRDA:532,56,0,1
BRDA:532,56,1,1
BRDA:568,57,0,1
BRDA:568,57,1,1
BRDA:568,58,0,2
BRDA:568,58,1,2
BRDA:568,58,2,1
BRDA:612,59,0,13
BRDA:612,59,1,0
BRF:120
BRH:104
end_of_record
